<?xml version="1.0" encoding="utf-8"?><testsuites name="pytest tests"><testsuite name="pytest" errors="0" failures="0" skipped="0" tests="26" time="7.161" timestamp="2026-03-30T12:20:05.479413+00:00" hostname="agent-env-0606b4da-5927-4afb-accd-cd0b0eb14930"><testcase classname="tests.test_eurovault_full.TestAdminAuth" name="test_admin_login_success" time="0.206" /><testcase classname="tests.test_eurovault_full.TestAdminAuth" name="test_admin_login_invalid_credentials" time="0.106" /><testcase classname="tests.test_eurovault_full.TestAdminAuth" name="test_admin_protected_route_without_token" time="0.147" /><testcase classname="tests.test_eurovault_full.TestAdminLeads" name="test_get_users_returns_list" time="0.318" /><testcase classname="tests.test_eurovault_full.TestAdminLeads" name="test_user_has_required_fields" time="0.204" /><testcase classname="tests.test_eurovault_full.TestAdminLeads" name="test_get_users_with_status_filter" time="0.204" /><testcase classname="tests.test_eurovault_full.TestAdminLeads" name="test_search_users" time="0.196" /><testcase classname="tests.test_eurovault_full.TestAdminWithdrawals" name="test_get_withdrawals_list" time="0.109" /><testcase classname="tests.test_eurovault_full.TestAdminWithdrawals" name="test_withdrawal_has_required_fields" time="0.114" /><testcase classname="tests.test_eurovault_full.TestAdminWithdrawals" name="test_filter_withdrawals_pending" time="0.105" /><testcase classname="tests.test_eurovault_full.TestAdminAgents" name="test_get_agents_list" time="0.107" /><testcase classname="tests.test_eurovault_full.TestAdminAgents" name="test_create_and_delete_agent" time="0.577" /><testcase classname="tests.test_eurovault_full.TestAdminContracts" name="test_get_contracts_list" time="0.139" /><testcase classname="tests.test_eurovault_full.TestAdminContracts" name="test_contract_has_token_field" time="0.109" /><testcase classname="tests.test_eurovault_full.TestAdminContracts" name="test_generate_contract_for_user" time="0.465" /><testcase classname="tests.test_eurovault_full.TestAdminContracts" name="test_public_contract_endpoint" time="0.214" /><testcase classname="tests.test_eurovault_full.TestClientAuth" name="test_client_registration" time="0.348" /><testcase classname="tests.test_eurovault_full.TestClientAuth" name="test_client_login_success" time="0.697" /><testcase classname="tests.test_eurovault_full.TestClientAuth" name="test_client_login_wrong_password" time="0.347" /><testcase classname="tests.test_eurovault_full.TestClientAuth" name="test_duplicate_email_registration" time="0.110" /><testcase classname="tests.test_eurovault_full.TestClientDashboard" name="test_get_client_profile" time="0.115" /><testcase classname="tests.test_eurovault_full.TestClientDashboard" name="test_get_client_balance" time="0.108" /><testcase classname="tests.test_eurovault_full.TestClientDashboard" name="test_client_trade_history" time="0.132" /><testcase classname="tests.test_eurovault_full.TestClientDashboard" name="test_client_news" time="1.261" /><testcase classname="tests.test_eurovault_full.TestAdminKanban" name="test_kanban_data_available" time="0.207" /><testcase classname="tests.test_eurovault_full.TestAdminKanban" name="test_update_lead_status" time="0.422" /></testsuite></testsuites>