<?xml version="1.0" encoding="utf-8"?><testsuites name="pytest tests"><testsuite name="pytest" errors="0" failures="0" skipped="0" tests="31" time="4.372" timestamp="2026-03-30T12:25:43.032661+00:00" hostname="agent-env-0606b4da-5927-4afb-accd-cd0b0eb14930"><testcase classname="tests.test_new_features.TestHealthCheck" name="test_health_returns_200" time="0.153" /><testcase classname="tests.test_new_features.TestHealthCheck" name="test_health_response_structure" time="0.127" /><testcase classname="tests.test_new_features.TestHealthCheck" name="test_health_has_metrics" time="0.122" /><testcase classname="tests.test_new_features.TestAdminAnalytics" name="test_analytics_returns_200" time="0.215" /><testcase classname="tests.test_new_features.TestAdminAnalytics" name="test_analytics_requires_auth" time="0.100" /><testcase classname="tests.test_new_features.TestAdminAnalytics" name="test_analytics_response_structure" time="0.108" /><testcase classname="tests.test_new_features.TestAdminAnalytics" name="test_analytics_numeric_fields" time="0.109" /><testcase classname="tests.test_new_features.TestAdminAnalytics" name="test_analytics_top_countries_structure" time="0.122" /><testcase classname="tests.test_new_features.TestMLInfo" name="test_ml_info_returns_200" time="0.106" /><testcase classname="tests.test_new_features.TestMLInfo" name="test_ml_info_requires_auth" time="0.115" /><testcase classname="tests.test_new_features.TestMLInfo" name="test_ml_info_structure" time="0.107" /><testcase classname="tests.test_new_features.TestMLInfo" name="test_ml_info_boolean_model_loaded" time="0.115" /><testcase classname="tests.test_new_features.TestMLInfo" name="test_ml_info_dataset_counts_nonnegative" time="0.104" /><testcase classname="tests.test_new_features.TestRevenueForecast" name="test_revenue_forecast_returns_200" time="0.118" /><testcase classname="tests.test_new_features.TestRevenueForecast" name="test_revenue_forecast_requires_auth" time="0.123" /><testcase classname="tests.test_new_features.TestRevenueForecast" name="test_revenue_forecast_structure" time="0.104" /><testcase classname="tests.test_new_features.TestRevenueForecast" name="test_revenue_forecast_trend_values" time="0.102" /><testcase classname="tests.test_new_features.TestRevenueForecast" name="test_revenue_forecast_historical_entries" time="0.101" /><testcase classname="tests.test_new_features.TestRevenueForecast" name="test_revenue_forecast_max_30_forecast_entries" time="0.125" /><testcase classname="tests.test_new_features.TestAgentPerformance" name="test_agent_performance_returns_200" time="0.121" /><testcase classname="tests.test_new_features.TestAgentPerformance" name="test_agent_performance_requires_auth" time="0.104" /><testcase classname="tests.test_new_features.TestAgentPerformance" name="test_agent_performance_is_list" time="0.127" /><testcase classname="tests.test_new_features.TestAgentPerformance" name="test_agent_performance_entry_structure" time="0.146" /><testcase classname="tests.test_new_features.TestAIScoreInUsers" name="test_users_have_ai_score" time="0.233" /><testcase classname="tests.test_new_features.TestAIScoreInUsers" name="test_ai_score_is_integer_0_to_100" time="0.224" /><testcase classname="tests.test_new_features.TestAIScoreInUsers" name="test_total_leads_count" time="0.210" /><testcase classname="tests.test_new_features.TestAdminNotes" name="test_get_notes" time="0.325" /><testcase classname="tests.test_new_features.TestAdminNotes" name="test_update_notes" time="0.122" /><testcase classname="tests.test_new_features.TestAdminNotes" name="test_notes_persist_after_update" time="0.205" /><testcase classname="tests.test_new_features.TestAdminNotes" name="test_timeline_note_add" time="0.109" /><testcase classname="tests.test_new_features.TestAdminNotes" name="test_get_timeline_notes" time="0.104" /></testsuite></testsuites>